<?xml version="1.0" encoding="UTF-8"?>
<!-- Generated by org.testng.reporters.JUnitReportReporter -->
<testsuite hostname="Ashish-PC" name="Demo1.program1" tests="1" failures="0" timestamp="16 Aug 2019 09:09:41 GMT" time="9.742" errors="0">
  <testcase name="m1" time="9.742" classname="Demo1.program1"/>
</testsuite> <!-- Demo1.program1 -->
