<?xml version="1.0" encoding="UTF-8"?>
<!-- Generated by org.testng.reporters.JUnitReportReporter -->
<testsuite hostname="Ashish-PC" name="Demo1.program1" tests="1" failures="0" timestamp="20 Aug 2019 18:14:03 GMT" time="54.301" errors="0">
  <testcase name="m1" time="54.301" classname="Demo1.program1"/>
</testsuite> <!-- Demo1.program1 -->
